<?xml version="1.0" encoding="UTF-8"?>
<testsuite xmlns:xsi="http://www.w3.org/2001/XMLSchema-instance" xsi:noNamespaceSchemaLocation="https://maven.apache.org/surefire/maven-surefire-plugin/xsd/surefire-test-report-3.0.xsd" version="3.0" name="ru.netology.sender.MessageSenderImplTest" time="2.017" tests="6" errors="0" skipped="0" failures="0">
  <properties>
[...]
</properties>
  <testcase name="testLocaleForOtherCountries" classname="ru.netology.sender.MessageSenderImplTest" time="1.572"/>
  <testcase name="testLocaleForRussia" classname="ru.netology.sender.MessageSenderImplTest" time="0.006"/>
  <testcase name="testSendMessage(String, Country, String)[1]" classname="ru.netology.sender.MessageSenderImplTest" time="0.185">
    <system-out><![CDATA[Отправлено сообщение: Привет]]></system-out>
  </testcase>
  <testcase name="testSendMessage(String, Country, String)[2]" classname="ru.netology.sender.MessageSenderImplTest" time="0.011">
    <system-out><![CDATA[Отправлено сообщение: Hello]]></system-out>
  </testcase>
  <testcase name="testSendMessage(String, Country, String)[3]" classname="ru.netology.sender.MessageSenderImplTest" time="0.02">
    <system-out><![CDATA[Отправлено сообщение: Welcome]]></system-out>
  </testcase>
  <testcase name="testSendMessage(String, Country, String)[4]" classname="ru.netology.sender.MessageSenderImplTest" time="0.008">
    <system-out><![CDATA[Отправлено сообщение: Hallo]]></system-out>
  </testcase>
</testsuite>